1617625987683	geckodriver	INFO	Listening on 127.0.0.1:63614
1617625990756	mozrunner::runner	INFO	Running command: "C:\\Program Files\\Firefox Developer Edition\\firefox.exe" "--marionette" "-foreground" "-no-remote" "-profile" "C:\\Users\\antoi\\AppData\\Local\\Temp\\rust_mozprofileXwPy9S"
console.warn: SearchSettings: "get: No settings file exists, new profile?" (new Error("", "(unknown module)"))
1617625992753	Marionette	INFO	Listening on port 63622
1617625992829	Marionette	WARN	TLS certificate errors will be ignored for this session
1617625997855	Marionette	WARN	TimedPromise timed out after 5000 ms: stacktrace:
TimedPromise/<@chrome://marionette/content/sync.js:231:19
TimedPromise@chrome://marionette/content/sync.js:216:10
GeckoDriver.prototype.minimizeWindow@chrome://marionette/content/driver.js:2541:11
1617626124229	Marionette	INFO	Stopped listening on port 63622

###!!! [Child][RunMessage] Error: Channel closing: too late to send/recv, messages will be lost

efox.exe" "--marionette" "-foreground" "-no-remote" "-profile" "C:\\Users\\antoi\\AppData\\Local\\Temp\\rust_mozprofileARrGZs"
console.warn: SearchSettings: "get: No settings file exists, new profile?" (new Error("", "(unknown module)"))
1617626029884	Marionette	INFO	Listening on port 63677
1617626030001	Marionette	WARN	TLS certificate errors will be ignored for this session
1617626035016	Marionette	WARN	TimedPromise timed out after 5000 ms: stacktrace:
TimedPromise/<@chrome://marionette/content/sync.js:231:19
TimedPromise@chrome://marionette/content/sync.js:216:10
GeckoDriver.prototype.minimizeWindow@chrome://marionette/content/driver.js:2541:11
1617626043438	Marionette	INFO	Stopped listening on port 63671617626044300	mozrunner::runner	INFO	Running command: "C:\\Program Files\\Firefox Developer Edition\\firefox.exe" "--marionette" "-foreground" "-no-remote" "-profile" "C:\\Users\\antoi\\AppData\\Local\\Temp\\rust_mozprofileXtvDSH"
console.warn: SearchSettings: "get: No settings file exists, new profile?" (new Error("", "(unknown module)"))
1617626046376	Marionette	INFO	Listening on port 63734
1617626046464	Marionette	WARN	TLS certificate errors will be ignored for this session
1617626051481	Marionette	WARN	TimedPromise timed out after 5000 ms: stacktrace:
TimedPromise/<@chrome://marionette/content/sync.js:231:19
TimedPromise@chrome://marionette/content/sync.js:216:10
GeckoDriver.prototype.minimizeWindow@chrome://marionette/content/driver.js:2541:11
1617626122338	Marionette	INFO	Stopped listening on port 63734

###!!! [Child][RunMessage] Error: Channel closing: too late to send/recv, messages will be lost

efox.exe" "--marionette" "-foreground" "-no-remote" "-profile" "C:\\Users\\antoi\\AppData\\Local\\Temp\\rust_mozprofileEcO1K8"
console.warn: SearchSettings: "get: No settings file exists, new profile?" (new Error("", "(unknown module)"))
1617626117898	Marionette	INFO	Listening on port 63820
1617626117939	Marionette	WARN	TLS certificate errors will be ignored for this session
1617626122970	Marionette	WARN	TimedPromise timed out after 5000 ms: stacktrace:
TimedPromise/<@chrome://marionette/content/sync.js:231:19
TimedPromise@chrome://marionette/content/sync.js:216:10
GeckoDriver.prototype.minimizeWindow@chrome://marionette/content/driver.js:2541:11
JavaScript error: resource://devtools/client/jsonview/Sniffer.jsm, line 53: NS_ERROR_NOT_AVAILABLE: Component returned failure code: 0x80040111 (NS_ERROR_NOT_AVAILABLE) [nsIChannel.contentType]
JavaScript error: resource://gre/modules/UrlClassifierListManager.jsm, line 691: TypeError: can't access property "provider", this.tablesData[table] is undefined
1617626123293	Marionette	INFO	Stopped listening on port 63820

###!!! [Child][RunMessage] Error: Channel closing: too late to send/recv, messages will be lost

1617626127325	geckodriver	INFO	Listening on 127.0.0.1:63867
1617626130391	mozrunner::runner	INFO	Running command: "C:\\Program Files\\Firefox Developer Edition\\firefox.exe" "--marionette" "-foreground" "-no-remote" "-profile" "C:\\Users\\antoi\\AppData\\Local\\Temp\\rust_mozprofileBmbQZT"
console.warn: SearchSettings: "get: No settings file exists, new profile?" (new Error("", "(unknown module)"))
1617626132622	Marionette	INFO	Listening on port 63875
1617626133063	Marionette	WARN	TLS certificate errors will be ignored for this session
1617626138080	Marionette	WARN	TimedPromise timed out after 5000 ms: stacktrace:
TimedPromise/<@chrome://marionette/content/sync.js:231:19
TimedPromise@chrome://marionette/content/sync.js:216:10
GeckoDriver.prototype.minimizeWindow@chrome://marionette/content/driver.js:2541:11
1617626277204	Marionette	INFO	Stopped listening on port 63875

###!!! [Child][RunMessage] Error: Channel closing: too late to send/recv, messages will be lost

efox.exe" "--marionette" "-foreground" "-no-remote" "-profile" "C:\\Users\\antoi\\AppData\\Local\\Temp\\rust_mozprofileIPw9Dn"
console.warn: SearchSettings: "get: No settings file exists, new profile?" (new Error("", "(unknown module)"))
1617626166205	Marionette	INFO	Listening on port 63934
1617626166678	Marionette	WARN	TLS certificate errors will be ignored for this session
1617626171694	Marionette	WARN	TimedPromise timed out after 5000 ms: stacktrace:
TimedPromise/<@chrome://marionette/content/sync.js:231:19
TimedPromise@chrome://marionette/content/sync.js:216:10
GeckoDriver.prototype.minimizeWindow@chrome://marionette/content/driver.js:2541:11
1617626182187	Marionette	INFO	Stopped listening on port 63934

###!!! [Child][RunMessage] Error: Channel closing: too late to send/recv, messages will be lost

1617626216347	geckodriver	INFO	Listening on 127.0.0.1:64065
1617626219428	mozrunner::runner	INFO	Running command: "C:\\Program Files\\Firefox Developer Edition\\firefox.exe" "--marionette" "-foreground" "-no-remote" "-profile" "C:\\Users\\antoi\\AppData\\Local\\Temp\\rust_mozprofiledZdR2L"
console.warn: SearchSettings: "get: No settings file exists, new profile?" (new Error("", "(unknown module)"))
1617626221409	Marionette	INFO	Listening on port 64073
1617626221484	Marionette	WARN	TLS certificate errors will be ignored for this session
1617626226512	Marionette	WARN	TimedPromise timed out after 5000 ms: stacktrace:
TimedPromise/<@chrome://marionette/content/sync.js:231:19
TimedPromise@chrome://marionette/content/sync.js:216:10
GeckoDriver.prototype.minimizeWindow@chrome://marionette/content/driver.js:2541:11
1617626258119	Marionette	INFO	Stopped listening on port 64073
[Parent 16984, IPC I/O Parent] WARNING: file /builds/worker/checkouts/gecko/ipc/chromium/src/base/process_util_win.cc:167

###!!! [Child][RunMessage] Error: Channel closing: too late to send/recv, messages will be lost

1617626447524	geckodriver	INFO	Listening on 127.0.0.1:64258
1617626450607	mozrunner::runner	INFO	Running command: "C:\\Program Files\\Firefox Developer Edition\\firefox.exe" "--marionette" "-foreground" "-no-remote" "-profile" "C:\\Users\\antoi\\AppData\\Local\\Temp\\rust_mozprofileqCxEFg"
console.warn: SearchSettings: "get: No settings file exists, new profile?" (new Error("", "(unknown module)"))
1617626452969	Marionette	INFO	Listening on port 64267
1617626453280	Marionette	WARN	TLS certificate errors will be ignored for this session
1617626458295	Marionette	WARN	TimedPromise timed out after 5000 ms: stacktrace:
TimedPromise/<@chrome://marionette/content/sync.js:231:19
TimedPromise@chrome://marionette/content/sync.js:216:10
GeckoDriver.prototype.minimizeWindow@chrome://marionette/content/driver.js:2541:11
1617626697456	Marionette	INFO	Stopped listening on port 64267

###!!! [Child][RunMessage] Error: Channel closing: too late to send/recv, messages will be lost

efox.exe" "--marionette" "-foreground" "-no-remote" "-profile" "C:\\Users\\antoi\\AppData\\Local\\Temp\\rust_mozprofileRdRzUg"
console.warn: SearchSettings: "get: No settings file exists, new profile?" (new Error("", "(unknown module)"))
1617626500601	Marionette	INFO	Listening on port 64331
1617626501123	Marionette	WARN	TLS certificate errors will be ignored for this session
1617626506146	Marionette	WARN	TimedPromise timed out after 5000 ms: stacktrace:
TimedPromise/<@chrome://marionette/content/sync.js:231:19
TimedPromise@chrome://marionette/content/sync.js:216:10
GeckoDriver.prototype.minimizeWindow@chrome://marionette/content/driver.js:2541:11
1617626696688	Marionette	INFO	Stopped listening on port 64331

###!!! [Child][RunMessage] Error: Channel closing: too late to send/recv, messages will be lost

efox.exe" "--marionette" "-foreground" "-no-remote" "-profile" "C:\\Users\\antoi\\AppData\\Local\\Temp\\rust_mozprofilehUQzN4"
console.warn: SearchSettings: "get: No settings file exists, new profile?" (new Error("", "(unknown module)"))
1617626518949	Marionette	INFO	Listening on port 64389
1617626519265	Marionette	WARN	TLS certificate errors will be ignored for this session
1617626524287	Marionette	WARN	TimedPromise timed out after 5000 ms: stacktrace:
TimedPromise/<@chrome://marionette/content/sync.js:231:19
TimedPromise@chrome://marionette/content/sync.js:216:10
GeckoDriver.prototype.minimizeWindow@chrome://marionette/content/driver.js:2541:11
1617626699359	Marionette	INFO	Stopped listening on port 64389

###!!! [Child][RunMessage] Error: Channel closing: too late to send/recv, messages will be lost

efox.exe" "--marionette" "-foreground" "-no-remote" "-profile" "C:\\Users\\antoi\\AppData\\Local\\Temp\\rust_mozprofileCohOaF"
console.warn: SearchSettings: "get: No settings file exists, new profile?" (new Error("", "(unknown module)"))
1617626593635	Marionette	INFO	Listening on port 64459
1617626593970	Marionette	WARN	TLS certificate errors will be ignored for this session
1617626598984	Marionette	WARN	TimedPromise timed out after 5000 ms: stacktrace:
TimedPromise/<@chrome://marionette/content/sync.js:231:19
TimedPromise@chrome://marionette/content/sync.js:216:10
GeckoDriver.prototype.minimizeWindow@chrome://marionette/content/driver.js:2541:11
1617626700489	Marionette	INFO	Stopped listening on port 64459

###!!! [Child][RunMessage] Error: Channel closing: too late to send/recv, messages will be lost

efox.exe" "--marionette" "-foreground" "-no-remote" "-profile" "C:\\Users\\antoi\\AppData\\Local\\Temp\\rust_mozprofile4MxSKq"
console.warn: SearchSettings: "get: No settings file exists, new profile?" (new Error("", "(unknown module)"))
1617626617825	Marionette	INFO	Listening on port 64521
1617626618179	Marionette	WARN	TLS certificate errors will be ignored for this session
1617626623195	Marionette	WARN	TimedPromise timed out after 5000 ms: stacktrace:
TimedPromise/<@chrome://marionette/content/sync.js:231:19
TimedPromise@chrome://marionette/content/sync.js:216:10
GeckoDriver.prototype.minimizeWindow@chrome://marionette/content/driver.js:2541:11
1617626657504	Marionette	INFO	Stopped listening on port 64521
1617626748904	geckodriver	INFO	Listening on 127.0.0.1:64659
1617626751951	mozrunner::runner	INFO	Running command: "C:\\Program Files\\Firefox Developer Edition\\firefox.exe" "--marionette" "-foreground" "-no-remote" "-profile" "C:\\Users\\antoi\\AppData\\Local\\Temp\\rust_mozprofile9J9XuX"
console.warn: SearchSettings: "get: No settings file exists, new profile?" (new Error("", "(unknown module)"))
1617626753891	Marionette	INFO	Listening on port 64668
1617626754007	Marionette	WARN	TLS certificate errors will be ignored for this session
1617626759021	Marionette	WARN	TimedPromise timed out after 5000 ms: stacktrace:
TimedPromise/<@chrome://marionette/content/sync.js:231:19
TimedPromise@chrome://marionette/content/sync.js:216:10
GeckoDriver.prototype.minimizeWindow@chrome://marionette/content/driver.js:2541:11
JavaScript error: , line 0: NS_ERROR_NOT_AVAILABLE
1617627789118	Marionette	INFO	Stopped listening on port 64668

###!!! [Child][RunMessage] Error: Channel closing: too late to send/recv, messages will be lost

"-profile" "C:\\Users\\antoi\\AppData\\Local\\Temp\\rust_mozprofilekACsOw"
console.warn: SearchSettings: "get: No settings file exists, new profile?" (new Error("", "(unknown module)"))
1617626797636	Marionette	INFO	Listening on port 64727
1617626798153	Marionette	WARN	TLS certificate errors will be ignored for this session
1617626803167	Marionette	WARN	TimedPromise timed out after 5000 ms: stacktrace:
TimedPromise/<@chrome://marionette/content/sync.js:231:19
TimedPromise@chrome://marionette/content/sync.js:216:10
GeckoDriver.prototype.minimizeWindow@chrome://marionette/content/driver.js:2541:11
1617626821176	Marionette	INFO	Stopped listening on port 64727

###!!! [Child][RunMessage] Error: Channel closing: too late to send/recv, messages will be lost

1617626887864	geckodriver	INFO	Listening on 127.0.0.1:64788
1617626908244	geckodriver	INFO	Listening on 127.0.0.1:64796
1617626911311	mozrunner::runner	INFO	Running command: "C:\\Program Files\\Firefox Developer Edition\\firefox.exe" "--marionette" "-foreground" "-no-remote" "-profile" "C:\\Users\\antoi\\AppData\\Local\\Temp\\rust_mozprofileEccIjg"
console.warn: SearchSettings: "get: No settings file exists, new profile?" (new Error("", "(unknown module)"))
1617626913581	Marionette	INFO	Listening on port 64804
1617626913978	Marionette	WARN	TLS certificate errors will be ignored for this session
1617626919004	Marionette	WARN	TimedPromise timed out after 5000 ms: stacktrace:
TimedPromise/<@chrome://marionette/content/sync.js:231:19
TimedPromise@chrome://marionette/content/sync.js:216:10
GeckoDriver.prototype.minimizeWindow@chrome://marionette/content/driver.js:2541:11
1617626920654	Marionette	INFO	Stopped listening on port 64804

###!!! [Child][RunMessage] Error: Channel closing: too late to send/recv, messages will be lost

1617626931253	geckodriver	INFO	Listening on 127.0.0.1:64856
1617626934329	mozrunner::runner	INFO	Running command: "C:\\Program Files\\Firefox Developer Edition\\firefox.exe" "--marionette" "-foreground" "-no-remote" "-profile" "C:\\Users\\antoi\\AppData\\Local\\Temp\\rust_mozprofile922B2b"
console.warn: SearchSettings: "get: No settings file exists, new profile?" (new Error("", "(unknown module)"))
1617626936386	Marionette	INFO	Listening on port 64864
1617626936487	Marionette	WARN	TLS certificate errors will be ignored for this session
1617626941510	Marionette	WARN	TimedPromise timed out after 5000 ms: stacktrace:
TimedPromise/<@chrome://marionette/content/sync.js:231:19
TimedPromise@chrome://marionette/content/sync.js:216:10
GeckoDriver.prototype.minimizeWindow@chrome://marionette/content/driver.js:2541:11
1617626975588	Marionette	INFO	Stopped listening on port 64864

###!!! [Child][RunMessage] Error: Channel closing: too late to send/recv, messages will be lost

1617627048899	geckodriver	INFO	Listening on 127.0.0.1:64927
1617627051937	mozrunner::runner	INFO	Running command: "C:\\Program Files\\Firefox Developer Edition\\firefox.exe" "--marionette" "-foreground" "-no-remote" "-profile" "C:\\Users\\antoi\\AppData\\Local\\Temp\\rust_mozprofile9xAKCn"
console.warn: SearchSettings: "get: No settings file exists, new profile?" (new Error("", "(unknown module)"))
1617627056906	Marionette	INFO	Listening on port 64936
1617627057249	Marionette	WARN	TLS certificate errors will be ignored for this session
1617627062276	Marionette	WARN	TimedPromise timed out after 5000 ms: stacktrace:
TimedPromise/<@chrome://marionette/content/sync.js:231:19
TimedPromise@chrome://marionette/content/sync.js:216:10
GeckoDriver.prototype.minimizeWindow@chrome://marionette/content/driver.js:2541:11
1617627063615	Marionette	INFO	Stopped listening on port 64936

###!!! [Child][RunMessage] Error: Channel closing: too late to send/recv, messages will be lost

1617627068724	geckodriver	INFO	Listening on 127.0.0.1:64988
1617627071768	mozrunner::runner	INFO	Running command: "C:\\Program Files\\Firefox Developer Edition\\firefox.exe" "--marionette" "-foreground" "-no-remote" "-profile" "C:\\Users\\antoi\\AppData\\Local\\Temp\\rust_mozprofileXvR2rl"
console.warn: SearchSettings: "get: No settings file exists, new profile?" (new Error("", "(unknown module)"))
1617627074043	Marionette	INFO	Listening on port 64996
1617627074443	Marionette	WARN	TLS certificate errors will be ignored for this session
1617627079465	Marionette	WARN	TimedPromise timed out after 5000 ms: stacktrace:
TimedPromise/<@chrome://marionette/content/sync.js:231:19
TimedPromise@chrome://marionette/content/sync.js:216:10
GeckoDriver.prototype.minimizeWindow@chrome://marionette/content/driver.js:2541:11
1617627087251	Marionette	INFO	Stopped listening on port 64996

###!!! [Child][RunMessage] Error: Channel closing: too late to send/recv, messages will be lost

1617627111710	geckodriver	INFO	Listening on 127.0.0.1:65068
1617627114774	mozrunner::runner	INFO	Running command: "C:\\Program Files\\Firefox Developer Edition\\firefox.exe" "--marionette" "-foreground" "-no-remote" "-profile" "C:\\Users\\antoi\\AppData\\Local\\Temp\\rust_mozprofileFmphyt"
console.warn: SearchSettings: "get: No settings file exists, new profile?" (new Error("", "(unknown module)"))
1617627116960	Marionette	INFO	Listening on port 65076
1617627117435	Marionette	WARN	TLS certificate errors will be ignored for this session
1617627122456	Marionette	WARN	TimedPromise timed out after 5000 ms: stacktrace:
TimedPromise/<@chrome://marionette/content/sync.js:231:19
TimedPromise@chrome://marionette/content/sync.js:216:10
GeckoDriver.prototype.minimizeWindow@chrome://marionette/content/driver.js:2541:11
1617627123950	Marionette	INFO	Stopped listening on port 65076

###!!! [Child][RunMessage] Error: Channel closing: too late to send/recv, messages will be lost

1617627287090	geckodriver	INFO	Listening on 127.0.0.1:65154
1617627290180	mozrunner::runner	INFO	Running command: "C:\\Program Files\\Firefox Developer Edition\\firefox.exe" "--marionette" "-foreground" "-no-remote" "-profile" "C:\\Users\\antoi\\AppData\\Local\\Temp\\rust_mozprofilewfSqwQ"
console.warn: SearchSettings: "get: No settings file exists, new profile?" (new Error("", "(unknown module)"))
1617627292118	Marionette	INFO	Listening on port 65163
1617627292231	Marionette	WARN	TLS certificate errors will be ignored for this session
1617627297254	Marionette	WARN	TimedPromise timed out after 5000 ms: stacktrace:
TimedPromise/<@chrome://marionette/content/sync.js:231:19
TimedPromise@chrome://marionette/content/sync.js:216:10
GeckoDriver.prototype.minimizeWindow@chrome://marionette/content/driver.js:2541:11
1617627298509	Marionette	INFO	Stopped listening on port 65163

###!!! [Child][RunMessage] Error: Channel closing: too late to send/recv, messages will be lost

1617627303797	geckodriver	INFO	Listening on 127.0.0.1:65210
1617627306855	mozrunner::runner	INFO	Running command: "C:\\Program Files\\Firefox Developer Edition\\firefox.exe" "--marionette" "-foreground" "-no-remote" "-profile" "C:\\Users\\antoi\\AppData\\Local\\Temp\\rust_mozprofilebtLgjU"
console.warn: SearchSettings: "get: No settings file exists, new profile?" (new Error("", "(unknown module)"))
1617627308989	Marionette	INFO	Listening on port 65219
1617627309021	Marionette	WARN	TLS certificate errors will be ignored for this session
1617627314047	Marionette	WARN	TimedPromise timed out after 5000 ms: stacktrace:
TimedPromise/<@chrome://marionette/content/sync.js:231:19
TimedPromise@chrome://marionette/content/sync.js:216:10
GeckoDriver.prototype.minimizeWindow@chrome://marionette/content/driver.js:2541:11
JavaScript error: https://ci.appveyor.com/dist/app-bc846b40f7.min.js, line 7: SecurityError: Permission denied to access property "clearTimeout" on cross-origin object
1617627416217	Marionette	INFO	Stopped listening on port 65219

###!!! [Child][RunMessage] Error: Channel closing: too late to send/recv, messages will be lost

1617627579056	geckodriver	INFO	Listening on 127.0.0.1:65450
1617627582115	mozrunner::runner	INFO	Running command: "C:\\Program Files\\Firefox Developer Edition\\firefox.exe" "--marionette" "-foreground" "-no-remote" "-profile" "C:\\Users\\antoi\\AppData\\Local\\Temp\\rust_mozprofilegQAmKD"
console.warn: SearchSettings: "get: No settings file exists, new profile?" (new Error("", "(unknown module)"))
1617627584248	Marionette	INFO	Listening on port 65458
1617627584265	Marionette	WARN	TLS certificate errors will be ignored for this session
1617627589292	Marionette	WARN	TimedPromise timed out after 5000 ms: stacktrace:
TimedPromise/<@chrome://marionette/content/sync.js:231:19
TimedPromise@chrome://marionette/content/sync.js:216:10
GeckoDriver.prototype.minimizeWindow@chrome://marionette/content/driver.js:2541:11
1617627590586	Marionette	INFO	Stopped listening on port 65458

###!!! [Child][RunMessage] Error: Channel closing: too late to send/recv, messages will be lost

1617627596969	geckodriver	INFO	Listening on 127.0.0.1:65503
1617627600038	mozrunner::runner	INFO	Running command: "C:\\Program Files\\Firefox Developer Edition\\firefox.exe" "--marionette" "-foreground" "-no-remote" "-profile" "C:\\Users\\antoi\\AppData\\Local\\Temp\\rust_mozprofile2loHDA"
console.warn: SearchSettings: "get: No settings file exists, new profile?" (new Error("", "(unknown module)"))
1617627602038	Marionette	INFO	Listening on port 65511
1617627602105	Marionette	WARN	TLS certificate errors will be ignored for this session
1617627607129	Marionette	WARN	TimedPromise timed out after 5000 ms: stacktrace:
TimedPromise/<@chrome://marionette/content/sync.js:231:19
TimedPromise@chrome://marionette/content/sync.js:216:10
GeckoDriver.prototype.minimizeWindow@chrome://marionette/content/driver.js:2541:11
1617627617818	Marionette	INFO	Stopped listening on port 65511

###!!! [Child][RunMessage] Error: Channel closing: too late to send/recv, messages will be lost

